<?xml version="1.0" encoding="UTF-8"?>
<testsuite xmlns:xsi="http://www.w3.org/2001/XMLSchema-instance" xsi:noNamespaceSchemaLocation="https://maven.apache.org/surefire/maven-surefire-plugin/xsd/surefire-test-report.xsd" name="TestSuite" time="9.083" tests="2" errors="0" skipped="0" failures="0">
  <properties>
[...]
</properties>
  <testcase name="testCheckoutStepOneErrorValidation" classname="testing.CheckoutStepOneErrorValidation" time="1.697"/>
  <testcase name="testCheckoutOverviewValidation" classname="testing.CheckoutOverviewValidation" time="1.741"/>
</testsuite>