<?xml version="1.0" encoding="UTF-8"?>
<!-- Generated by org.testng.reporters.JUnitXMLReporter -->
<testsuite ignored="2" hostname="DESKTOP-NPEG0BV" failures="0" tests="2" name="SauceTests" time="7.496" errors="0" timestamp="2024-07-08T15:55:12 EEST">
  <testcase classname="testing.CheckoutStepOneErrorValidation" name="testCheckoutStepOneErrorValidation" time="1.691"/>
  <testcase classname="testing.CheckoutOverviewValidation" name="testCheckoutOverviewValidation" time="1.741"/>
  <testcase classname="testing.BaseTest" name="@AfterSuite tearDownSuite" time="0.0">
    <ignored/>
  </testcase> <!-- @AfterSuite tearDownSuite -->
  <testcase classname="testing.BaseTest" name="@BeforeSuite setUpSuite" time="0.0">
    <ignored/>
  </testcase> <!-- @BeforeSuite setUpSuite -->
</testsuite> <!-- SauceTests -->
